# JRE version: Java(TM) SE Runtime Environment (8.0_121-b13) (build 1.8.0_121-b13)
# Java VM: Java HotSpot(TM) 64-Bit Server VM (25.121-b13 mixed mode windows-amd64 compressed oops)
Heap:
 PSYoungGen      total 143872K, used 110500K [0x00000000f1580000, 0x00000000fc580000, 0x0000000100000000)
  eden space 122368K, 90% used [0x00000000f1580000,0x00000000f8169380,0x00000000f8d00000)
  from space 21504K, 0% used [0x00000000fa500000,0x00000000fa500000,0x00000000fba00000)
  to   space 24576K, 0% used [0x00000000f8d00000,0x00000000f8d00000,0x00000000fa500000)
 ParOldGen       total 84992K, used 41618K [0x00000000d4000000, 0x00000000d9300000, 0x00000000f1580000)
  object space 84992K, 48% used [0x00000000d4000000,0x00000000d68a49a8,0x00000000d9300000)
 Metaspace       used 42082K, capacity 43776K, committed 44208K, reserved 1087488K
  class space    used 5386K, capacity 5704K, committed 5808K, reserved 1048576K
GC Heap History (10 events):
Event: 57.497 GC heap before
{Heap before GC invocations=19 (full 4):
 PSYoungGen      total 143872K, used 63367K [0x00000000f1580000, 0x00000000fc580000, 0x0000000100000000)
  eden space 122368K, 51% used [0x00000000f1580000,0x00000000f5361f10,0x00000000f8d00000)
  from space 21504K, 0% used [0x00000000fa500000,0x00000000fa500000,0x00000000fba00000)
  to   space 24576K, 0% used [0x00000000f8d00000,0x00000000f8d00000,0x00000000fa500000)
 ParOldGen       total 84992K, used 63469K [0x00000000d4000000, 0x00000000d9300000, 0x00000000f1580000)
  object space 84992K, 74% used [0x00000000d4000000,0x00000000d7dfb6e8,0x00000000d9300000)
 Metaspace       used 42007K, capacity 43768K, committed 43952K, reserved 1087488K
  class space    used 5378K, capacity 5734K, committed 5808K, reserved 1048576K
Event: 57.508 GC heap after
Heap after GC invocations=19 (full 4):
 PSYoungGen      total 143872K, used 63367K [0x00000000f1580000, 0x00000000fc580000, 0x0000000100000000)
  eden space 122368K, 51% used [0x00000000f1580000,0x00000000f5361f10,0x00000000f8d00000)
  from space 21504K, 0% used [0x00000000fa500000,0x00000000fa500000,0x00000000fba00000)
  to   space 24576K, 0% used [0x00000000f8d00000,0x00000000f8d10000,0x00000000fa500000)
 ParOldGen       total 84992K, used 63469K [0x00000000d4000000, 0x00000000d9300000, 0x00000000f1580000)
  object space 84992K, 74% used [0x00000000d4000000,0x00000000d7dfb6e8,0x00000000d9300000)
 Metaspace       used 42007K, capacity 43768K, committed 43952K, reserved 1087488K
  class space    used 5378K, capacity 5734K, committed 5808K, reserved 1048576K
}
Event: 57.508 GC heap before
{Heap before GC invocations=20 (full 5):
 PSYoungGen      total 143872K, used 63367K [0x00000000f1580000, 0x00000000fc580000, 0x0000000100000000)
  eden space 122368K, 51% used [0x00000000f1580000,0x00000000f5361f10,0x00000000f8d00000)
  from space 21504K, 0% used [0x00000000fa500000,0x00000000fa500000,0x00000000fba00000)
  to   space 24576K, 0% used [0x00000000f8d00000,0x00000000f8d10000,0x00000000fa500000)
 ParOldGen       total 84992K, used 63469K [0x00000000d4000000, 0x00000000d9300000, 0x00000000f1580000)
  object space 84992K, 74% used [0x00000000d4000000,0x00000000d7dfb6e8,0x00000000d9300000)
 Metaspace       used 42007K, capacity 43768K, committed 43952K, reserved 1087488K
  class space    used 5378K, capacity 5734K, committed 5808K, reserved 1048576K
Event: 57.680 GC heap after
Heap after GC invocations=20 (full 5):
 PSYoungGen      total 143872K, used 0K [0x00000000f1580000, 0x00000000fc580000, 0x0000000100000000)
  eden space 122368K, 0% used [0x00000000f1580000,0x00000000f1580000,0x00000000f8d00000)
  from space 21504K, 0% used [0x00000000fa500000,0x00000000fa500000,0x00000000fba00000)
  to   space 24576K, 0% used [0x00000000f8d00000,0x00000000f8d00000,0x00000000fa500000)
 ParOldGen       total 84992K, used 82945K [0x00000000d4000000, 0x00000000d9300000, 0x00000000f1580000)
  object space 84992K, 97% used [0x00000000d4000000,0x00000000d91005c0,0x00000000d9300000)
 Metaspace       used 42007K, capacity 43768K, committed 43952K, reserved 1087488K
  class space    used 5378K, capacity 5734K, committed 5808K, reserved 1048576K
}
Event: 58.693 GC heap before
{Heap before GC invocations=21 (full 6):
 PSYoungGen      total 143872K, used 113607K [0x00000000f1580000, 0x00000000fc580000, 0x0000000100000000)
  eden space 122368K, 92% used [0x00000000f1580000,0x00000000f8471e90,0x00000000f8d00000)
  from space 21504K, 0% used [0x00000000fa500000,0x00000000fa500000,0x00000000fba00000)
  to   space 24576K, 0% used [0x00000000f8d00000,0x00000000f8d00000,0x00000000fa500000)
 ParOldGen       total 84992K, used 82945K [0x00000000d4000000, 0x00000000d9300000, 0x00000000f1580000)
  object space 84992K, 97% used [0x00000000d4000000,0x00000000d91005c0,0x00000000d9300000)
 Metaspace       used 42007K, capacity 43768K, committed 43952K, reserved 1087488K
  class space    used 5378K, capacity 5734K, committed 5808K, reserved 1048576K
Event: 58.903 GC heap after
Heap after GC invocations=21 (full 6):
 PSYoungGen      total 143872K, used 77824K [0x00000000f1580000, 0x00000000fc580000, 0x0000000100000000)
  eden space 122368K, 63% used [0x00000000f1580000,0x00000000f6180088,0x00000000f8d00000)
  from space 21504K, 0% used [0x00000000fa500000,0x00000000fa500000,0x00000000fba00000)
  to   space 24576K, 0% used [0x00000000f8d00000,0x00000000f8d00000,0x00000000fa500000)
 ParOldGen       total 84992K, used 43994K [0x00000000d4000000, 0x00000000d9300000, 0x00000000f1580000)
  object space 84992K, 51% used [0x00000000d4000000,0x00000000d6af6b50,0x00000000d9300000)
 Metaspace       used 42007K, capacity 43768K, committed 43952K, reserved 1087488K
  class space    used 5378K, capacity 5734K, committed 5808K, reserved 1048576K
}
Event: 58.903 GC heap before
{Heap before GC invocations=22 (full 6):
 PSYoungGen      total 143872K, used 77824K [0x00000000f1580000, 0x00000000fc580000, 0x0000000100000000)
  eden space 122368K, 63% used [0x00000000f1580000,0x00000000f6180088,0x00000000f8d00000)
  from space 21504K, 0% used [0x00000000fa500000,0x00000000fa500000,0x00000000fba00000)
  to   space 24576K, 0% used [0x00000000f8d00000,0x00000000f8d00000,0x00000000fa500000)
 ParOldGen       total 84992K, used 43994K [0x00000000d4000000, 0x00000000d9300000, 0x00000000f1580000)
  object space 84992K, 51% used [0x00000000d4000000,0x00000000d6af6b50,0x00000000d9300000)
 Metaspace       used 42007K, capacity 43768K, committed 43952K, reserved 1087488K
  class space    used 5378K, capacity 5734K, committed 5808K, reserved 1048576K
Event: 58.920 GC heap after
Heap after GC invocations=22 (full 6):
 PSYoungGen      total 143872K, used 77824K [0x00000000f1580000, 0x00000000fc580000, 0x0000000100000000)
  eden space 122368K, 63% used [0x00000000f1580000,0x00000000f6180088,0x00000000f8d00000)
  from space 21504K, 0% used [0x00000000fa500000,0x00000000fa500000,0x00000000fba00000)
  to   space 24576K, 0% used [0x00000000f8d00000,0x00000000f8d10000,0x00000000fa500000)
 ParOldGen       total 84992K, used 43994K [0x00000000d4000000, 0x00000000d9300000, 0x00000000f1580000)
  object space 84992K, 51% used [0x00000000d4000000,0x00000000d6af6b50,0x00000000d9300000)
 Metaspace       used 42007K, capacity 43768K, committed 43952K, reserved 1087488K
  class space    used 5378K, capacity 5734K, committed 5808K, reserved 1048576K
}
Event: 58.920 GC heap before
{Heap before GC invocations=23 (full 7):
 PSYoungGen      total 143872K, used 77824K [0x00000000f1580000, 0x00000000fc580000, 0x0000000100000000)
  eden space 122368K, 63% used [0x00000000f1580000,0x00000000f6180088,0x00000000f8d00000)
  from space 21504K, 0% used [0x00000000fa500000,0x00000000fa500000,0x00000000fba00000)
  to   space 24576K, 0% used [0x00000000f8d00000,0x00000000f8d10000,0x00000000fa500000)
 ParOldGen       total 84992K, used 43994K [0x00000000d4000000, 0x00000000d9300000, 0x00000000f1580000)
  object space 84992K, 51% used [0x00000000d4000000,0x00000000d6af6b50,0x00000000d9300000)
 Metaspace       used 42007K, capacity 43768K, committed 43952K, reserved 1087488K
  class space    used 5378K, capacity 5734K, committed 5808K, reserved 1048576K
Event: 59.246 GC heap after
Heap after GC invocations=23 (full 7):
 PSYoungGen      total 143872K, used 77824K [0x00000000f1580000, 0x00000000fc580000, 0x0000000100000000)
  eden space 122368K, 63% used [0x00000000f1580000,0x00000000f6180088,0x00000000f8d00000)
  from space 21504K, 0% used [0x00000000fa500000,0x00000000fa500000,0x00000000fba00000)
  to   space 24576K, 0% used [0x00000000f8d00000,0x00000000f8d00000,0x00000000fa500000)
 ParOldGen       total 84992K, used 41618K [0x00000000d4000000, 0x00000000d9300000, 0x00000000f1580000)
  object space 84992K, 48% used [0x00000000d4000000,0x00000000d68a49a8,0x00000000d9300000)
 Metaspace       used 41877K, capacity 43562K, committed 43952K, reserved 1087488K
  class space    used 5356K, capacity 5695K, committed 5808K, reserved 1048576K
}

