# JRE version: Java(TM) SE Runtime Environment (8.0_121-b13) (build 1.8.0_121-b13)
# Java VM: Java HotSpot(TM) 64-Bit Server VM (25.121-b13 mixed mode windows-amd64 compressed oops)
Heap:
 PSYoungGen      total 51200K, used 40511K [0x00000000f1580000, 0x00000000f7980000, 0x0000000100000000)
  eden space 46080K, 87% used [0x00000000f1580000,0x00000000f3d0fd48,0x00000000f4280000)
  from space 5120K, 0% used [0x00000000f4280000,0x00000000f4280000,0x00000000f4780000)
  to   space 5120K, 0% used [0x00000000f7480000,0x00000000f7480000,0x00000000f7980000)
 ParOldGen       total 25088K, used 9195K [0x00000000d4000000, 0x00000000d5880000, 0x00000000f1580000)
  object space 25088K, 36% used [0x00000000d4000000,0x00000000d48faf30,0x00000000d5880000)
 Metaspace       used 24735K, capacity 25434K, committed 25600K, reserved 1071104K
  class space    used 3128K, capacity 3321K, committed 3328K, reserved 1048576K
GC Heap History (10 events):
Event: 22.094 GC heap before
{Heap before GC invocations=4 (full 0):
 PSYoungGen      total 13312K, used 13280K [0x00000000f1580000, 0x00000000f2f80000, 0x0000000100000000)
  eden space 11776K, 100% used [0x00000000f1580000,0x00000000f2100000,0x00000000f2100000)
  from space 1536K, 97% used [0x00000000f2100000,0x00000000f2278020,0x00000000f2280000)
  to   space 1536K, 0% used [0x00000000f2e00000,0x00000000f2e00000,0x00000000f2f80000)
 ParOldGen       total 30208K, used 3889K [0x00000000d4000000, 0x00000000d5d80000, 0x00000000f1580000)
  object space 30208K, 12% used [0x00000000d4000000,0x00000000d43cc730,0x00000000d5d80000)
 Metaspace       used 13295K, capacity 13616K, committed 13824K, reserved 1060864K
  class space    used 1625K, capacity 1736K, committed 1792K, reserved 1048576K
Event: 22.108 GC heap after
Heap after GC invocations=4 (full 0):
 PSYoungGen      total 25088K, used 1504K [0x00000000f1580000, 0x00000000f2f80000, 0x0000000100000000)
  eden space 23552K, 0% used [0x00000000f1580000,0x00000000f1580000,0x00000000f2c80000)
  from space 1536K, 97% used [0x00000000f2e00000,0x00000000f2f78020,0x00000000f2f80000)
  to   space 1536K, 0% used [0x00000000f2c80000,0x00000000f2c80000,0x00000000f2e00000)
 ParOldGen       total 30208K, used 5130K [0x00000000d4000000, 0x00000000d5d80000, 0x00000000f1580000)
  object space 30208K, 16% used [0x00000000d4000000,0x00000000d45028e8,0x00000000d5d80000)
 Metaspace       used 13295K, capacity 13616K, committed 13824K, reserved 1060864K
  class space    used 1625K, capacity 1736K, committed 1792K, reserved 1048576K
}
Event: 23.690 GC heap before
{Heap before GC invocations=5 (full 0):
 PSYoungGen      total 25088K, used 25056K [0x00000000f1580000, 0x00000000f2f80000, 0x0000000100000000)
  eden space 23552K, 100% used [0x00000000f1580000,0x00000000f2c80000,0x00000000f2c80000)
  from space 1536K, 97% used [0x00000000f2e00000,0x00000000f2f78020,0x00000000f2f80000)
  to   space 1536K, 0% used [0x00000000f2c80000,0x00000000f2c80000,0x00000000f2e00000)
 ParOldGen       total 30208K, used 5130K [0x00000000d4000000, 0x00000000d5d80000, 0x00000000f1580000)
  object space 30208K, 16% used [0x00000000d4000000,0x00000000d45028e8,0x00000000d5d80000)
 Metaspace       used 15172K, capacity 15630K, committed 16000K, reserved 1062912K
  class space    used 1959K, capacity 2101K, committed 2176K, reserved 1048576K
Event: 23.716 GC heap after
Heap after GC invocations=5 (full 0):
 PSYoungGen      total 25088K, used 1504K [0x00000000f1580000, 0x00000000f4b80000, 0x0000000100000000)
  eden space 23552K, 0% used [0x00000000f1580000,0x00000000f1580000,0x00000000f2c80000)
  from space 1536K, 97% used [0x00000000f2c80000,0x00000000f2df8020,0x00000000f2e00000)
  to   space 4096K, 0% used [0x00000000f4780000,0x00000000f4780000,0x00000000f4b80000)
 ParOldGen       total 30208K, used 7445K [0x00000000d4000000, 0x00000000d5d80000, 0x00000000f1580000)
  object space 30208K, 24% used [0x00000000d4000000,0x00000000d47457f8,0x00000000d5d80000)
 Metaspace       used 15172K, capacity 15630K, committed 16000K, reserved 1062912K
  class space    used 1959K, capacity 2101K, committed 2176K, reserved 1048576K
}
Event: 25.215 GC heap before
{Heap before GC invocations=6 (full 0):
 PSYoungGen      total 25088K, used 25056K [0x00000000f1580000, 0x00000000f4b80000, 0x0000000100000000)
  eden space 23552K, 100% used [0x00000000f1580000,0x00000000f2c80000,0x00000000f2c80000)
  from space 1536K, 97% used [0x00000000f2c80000,0x00000000f2df8020,0x00000000f2e00000)
  to   space 4096K, 0% used [0x00000000f4780000,0x00000000f4780000,0x00000000f4b80000)
 ParOldGen       total 30208K, used 7445K [0x00000000d4000000, 0x00000000d5d80000, 0x00000000f1580000)
  object space 30208K, 24% used [0x00000000d4000000,0x00000000d47457f8,0x00000000d5d80000)
 Metaspace       used 18311K, capacity 18818K, committed 18944K, reserved 1064960K
  class space    used 2345K, capacity 2497K, committed 2560K, reserved 1048576K
Event: 25.242 GC heap after
Heap after GC invocations=6 (full 0):
 PSYoungGen      total 50176K, used 4094K [0x00000000f1580000, 0x00000000f4d80000, 0x0000000100000000)
  eden space 46080K, 0% used [0x00000000f1580000,0x00000000f1580000,0x00000000f4280000)
  from space 4096K, 99% used [0x00000000f4780000,0x00000000f4b7fad0,0x00000000f4b80000)
  to   space 5120K, 0% used [0x00000000f4280000,0x00000000f4280000,0x00000000f4780000)
 ParOldGen       total 30208K, used 8068K [0x00000000d4000000, 0x00000000d5d80000, 0x00000000f1580000)
  object space 30208K, 26% used [0x00000000d4000000,0x00000000d47e1018,0x00000000d5d80000)
 Metaspace       used 18311K, capacity 18818K, committed 18944K, reserved 1064960K
  class space    used 2345K, capacity 2497K, committed 2560K, reserved 1048576K
}
Event: 26.016 GC heap before
{Heap before GC invocations=7 (full 0):
 PSYoungGen      total 50176K, used 18165K [0x00000000f1580000, 0x00000000f4d80000, 0x0000000100000000)
  eden space 46080K, 30% used [0x00000000f1580000,0x00000000f233dba8,0x00000000f4280000)
  from space 4096K, 99% used [0x00000000f4780000,0x00000000f4b7fad0,0x00000000f4b80000)
  to   space 5120K, 0% used [0x00000000f4280000,0x00000000f4280000,0x00000000f4780000)
 ParOldGen       total 30208K, used 8068K [0x00000000d4000000, 0x00000000d5d80000, 0x00000000f1580000)
  object space 30208K, 26% used [0x00000000d4000000,0x00000000d47e1018,0x00000000d5d80000)
 Metaspace       used 20605K, capacity 21072K, committed 21248K, reserved 1067008K
  class space    used 2620K, capacity 2758K, committed 2816K, reserved 1048576K
Event: 26.064 GC heap after
Heap after GC invocations=7 (full 0):
 PSYoungGen      total 51200K, used 4030K [0x00000000f1580000, 0x00000000f7980000, 0x0000000100000000)
  eden space 46080K, 0% used [0x00000000f1580000,0x00000000f1580000,0x00000000f4280000)
  from space 5120K, 78% used [0x00000000f4280000,0x00000000f466f830,0x00000000f4780000)
  to   space 5120K, 0% used [0x00000000f7480000,0x00000000f7480000,0x00000000f7980000)
 ParOldGen       total 30208K, used 8509K [0x00000000d4000000, 0x00000000d5d80000, 0x00000000f1580000)
  object space 30208K, 28% used [0x00000000d4000000,0x00000000d484f5e8,0x00000000d5d80000)
 Metaspace       used 20605K, capacity 21072K, committed 21248K, reserved 1067008K
  class space    used 2620K, capacity 2758K, committed 2816K, reserved 1048576K
}
Event: 26.064 GC heap before
{Heap before GC invocations=8 (full 1):
 PSYoungGen      total 51200K, used 4030K [0x00000000f1580000, 0x00000000f7980000, 0x0000000100000000)
  eden space 46080K, 0% used [0x00000000f1580000,0x00000000f1580000,0x00000000f4280000)
  from space 5120K, 78% used [0x00000000f4280000,0x00000000f466f830,0x00000000f4780000)
  to   space 5120K, 0% used [0x00000000f7480000,0x00000000f7480000,0x00000000f7980000)
 ParOldGen       total 30208K, used 8509K [0x00000000d4000000, 0x00000000d5d80000, 0x00000000f1580000)
  object space 30208K, 28% used [0x00000000d4000000,0x00000000d484f5e8,0x00000000d5d80000)
 Metaspace       used 20605K, capacity 21072K, committed 21248K, reserved 1067008K
  class space    used 2620K, capacity 2758K, committed 2816K, reserved 1048576K
Event: 26.155 GC heap after
Heap after GC invocations=8 (full 1):
 PSYoungGen      total 51200K, used 0K [0x00000000f1580000, 0x00000000f7980000, 0x0000000100000000)
  eden space 46080K, 0% used [0x00000000f1580000,0x00000000f1580000,0x00000000f4280000)
  from space 5120K, 0% used [0x00000000f4280000,0x00000000f4280000,0x00000000f4780000)
  to   space 5120K, 0% used [0x00000000f7480000,0x00000000f7480000,0x00000000f7980000)
 ParOldGen       total 25088K, used 9195K [0x00000000d4000000, 0x00000000d5880000, 0x00000000f1580000)
  object space 25088K, 36% used [0x00000000d4000000,0x00000000d48faf30,0x00000000d5880000)
 Metaspace       used 20605K, capacity 21072K, committed 21248K, reserved 1067008K
  class space    used 2620K, capacity 2758K, committed 2816K, reserved 1048576K
}

