# JRE version: Java(TM) SE Runtime Environment (8.0_121-b13) (build 1.8.0_121-b13)
# Java VM: Java HotSpot(TM) 64-Bit Server VM (25.121-b13 mixed mode windows-amd64 compressed oops)
Heap:
 PSYoungGen      total 176128K, used 128974K [0x00000000f1580000, 0x0000000100000000, 0x0000000100000000)
  eden space 142848K, 67% used [0x00000000f1580000,0x00000000f7310a08,0x00000000fa100000)
  from space 33280K, 99% used [0x00000000fa100000,0x00000000fc162e00,0x00000000fc180000)
  to   space 51200K, 0% used [0x00000000fce00000,0x00000000fce00000,0x0000000100000000)
 ParOldGen       total 266240K, used 145550K [0x00000000d4000000, 0x00000000e4400000, 0x00000000f1580000)
  object space 266240K, 54% used [0x00000000d4000000,0x00000000dce23b28,0x00000000e4400000)
 Metaspace       used 41939K, capacity 43672K, committed 43904K, reserved 1087488K
  class space    used 5351K, capacity 5678K, committed 5760K, reserved 1048576K
GC Heap History (10 events):
Event: 35.891 GC heap before
{Heap before GC invocations=37 (full 7):
 PSYoungGen      total 177664K, used 148708K [0x00000000f1580000, 0x00000000ff680000, 0x0000000100000000)
  eden space 131072K, 100% used [0x00000000f1580000,0x00000000f9580000,0x00000000f9580000)
  from space 46592K, 37% used [0x00000000fc900000,0x00000000fda39278,0x00000000ff680000)
  to   space 49664K, 0% used [0x00000000f9580000,0x00000000f9580000,0x00000000fc600000)
 ParOldGen       total 266240K, used 145542K [0x00000000d4000000, 0x00000000e4400000, 0x00000000f1580000)
  object space 266240K, 54% used [0x00000000d4000000,0x00000000dce21b28,0x00000000e4400000)
 Metaspace       used 41760K, capacity 43482K, committed 43648K, reserved 1087488K
  class space    used 5326K, capacity 5659K, committed 5760K, reserved 1048576K
Event: 35.937 GC heap after
Heap after GC invocations=37 (full 7):
 PSYoungGen      total 180736K, used 19204K [0x00000000f1580000, 0x00000000fff00000, 0x0000000100000000)
  eden space 131072K, 0% used [0x00000000f1580000,0x00000000f1580000,0x00000000f9580000)
  from space 49664K, 38% used [0x00000000f9580000,0x00000000fa841278,0x00000000fc600000)
  to   space 47616K, 0% used [0x00000000fd080000,0x00000000fd080000,0x00000000fff00000)
 ParOldGen       total 266240K, used 145542K [0x00000000d4000000, 0x00000000e4400000, 0x00000000f1580000)
  object space 266240K, 54% used [0x00000000d4000000,0x00000000dce21b28,0x00000000e4400000)
 Metaspace       used 41760K, capacity 43482K, committed 43648K, reserved 1087488K
  class space    used 5326K, capacity 5659K, committed 5760K, reserved 1048576K
}
Event: 36.183 GC heap before
{Heap before GC invocations=38 (full 7):
 PSYoungGen      total 180736K, used 150276K [0x00000000f1580000, 0x00000000fff00000, 0x0000000100000000)
  eden space 131072K, 100% used [0x00000000f1580000,0x00000000f9580000,0x00000000f9580000)
  from space 49664K, 38% used [0x00000000f9580000,0x00000000fa841278,0x00000000fc600000)
  to   space 47616K, 0% used [0x00000000fd080000,0x00000000fd080000,0x00000000fff00000)
 ParOldGen       total 266240K, used 145542K [0x00000000d4000000, 0x00000000e4400000, 0x00000000f1580000)
  object space 266240K, 54% used [0x00000000d4000000,0x00000000dce21b28,0x00000000e4400000)
 Metaspace       used 41760K, capacity 43482K, committed 43648K, reserved 1087488K
  class space    used 5326K, capacity 5659K, committed 5760K, reserved 1048576K
Event: 36.239 GC heap after
Heap after GC invocations=38 (full 7):
 PSYoungGen      total 187392K, used 21956K [0x00000000f1580000, 0x00000000ffc00000, 0x0000000100000000)
  eden space 142848K, 0% used [0x00000000f1580000,0x00000000f1580000,0x00000000fa100000)
  from space 44544K, 49% used [0x00000000fd080000,0x00000000fe5f1278,0x00000000ffc00000)
  to   space 46592K, 0% used [0x00000000fa100000,0x00000000fa100000,0x00000000fce80000)
 ParOldGen       total 266240K, used 145542K [0x00000000d4000000, 0x00000000e4400000, 0x00000000f1580000)
  object space 266240K, 54% used [0x00000000d4000000,0x00000000dce21b28,0x00000000e4400000)
 Metaspace       used 41760K, capacity 43482K, committed 43648K, reserved 1087488K
  class space    used 5326K, capacity 5659K, committed 5760K, reserved 1048576K
}
Event: 36.511 GC heap before
{Heap before GC invocations=39 (full 7):
 PSYoungGen      total 187392K, used 164804K [0x00000000f1580000, 0x00000000ffc00000, 0x0000000100000000)
  eden space 142848K, 100% used [0x00000000f1580000,0x00000000fa100000,0x00000000fa100000)
  from space 44544K, 49% used [0x00000000fd080000,0x00000000fe5f1278,0x00000000ffc00000)
  to   space 46592K, 0% used [0x00000000fa100000,0x00000000fa100000,0x00000000fce80000)
 ParOldGen       total 266240K, used 145542K [0x00000000d4000000, 0x00000000e4400000, 0x00000000f1580000)
  object space 266240K, 54% used [0x00000000d4000000,0x00000000dce21b28,0x00000000e4400000)
 Metaspace       used 41760K, capacity 43482K, committed 43648K, reserved 1087488K
  class space    used 5326K, capacity 5659K, committed 5760K, reserved 1048576K
Event: 36.569 GC heap after
Heap after GC invocations=39 (full 7):
 PSYoungGen      total 189440K, used 25654K [0x00000000f1580000, 0x0000000100000000, 0x0000000100000000)
  eden space 142848K, 0% used [0x00000000f1580000,0x00000000f1580000,0x00000000fa100000)
  from space 46592K, 55% used [0x00000000fa100000,0x00000000fba0dba8,0x00000000fce80000)
  to   space 46592K, 0% used [0x00000000fd280000,0x00000000fd280000,0x0000000100000000)
 ParOldGen       total 266240K, used 145542K [0x00000000d4000000, 0x00000000e4400000, 0x00000000f1580000)
  object space 266240K, 54% used [0x00000000d4000000,0x00000000dce21b28,0x00000000e4400000)
 Metaspace       used 41760K, capacity 43482K, committed 43648K, reserved 1087488K
  class space    used 5326K, capacity 5659K, committed 5760K, reserved 1048576K
}
Event: 36.850 GC heap before
{Heap before GC invocations=40 (full 7):
 PSYoungGen      total 189440K, used 168502K [0x00000000f1580000, 0x0000000100000000, 0x0000000100000000)
  eden space 142848K, 100% used [0x00000000f1580000,0x00000000fa100000,0x00000000fa100000)
  from space 46592K, 55% used [0x00000000fa100000,0x00000000fba0dba8,0x00000000fce80000)
  to   space 46592K, 0% used [0x00000000fd280000,0x00000000fd280000,0x0000000100000000)
 ParOldGen       total 266240K, used 145542K [0x00000000d4000000, 0x00000000e4400000, 0x00000000f1580000)
  object space 266240K, 54% used [0x00000000d4000000,0x00000000dce21b28,0x00000000e4400000)
 Metaspace       used 41760K, capacity 43482K, committed 43648K, reserved 1087488K
  class space    used 5326K, capacity 5659K, committed 5760K, reserved 1048576K
Event: 36.922 GC heap after
Heap after GC invocations=40 (full 7):
 PSYoungGen      total 189440K, used 30710K [0x00000000f1580000, 0x0000000100000000, 0x0000000100000000)
  eden space 142848K, 0% used [0x00000000f1580000,0x00000000f1580000,0x00000000fa100000)
  from space 46592K, 65% used [0x00000000fd280000,0x00000000ff07dba8,0x0000000100000000)
  to   space 48640K, 0% used [0x00000000fa100000,0x00000000fa100000,0x00000000fd080000)
 ParOldGen       total 266240K, used 145542K [0x00000000d4000000, 0x00000000e4400000, 0x00000000f1580000)
  object space 266240K, 54% used [0x00000000d4000000,0x00000000dce21b28,0x00000000e4400000)
 Metaspace       used 41760K, capacity 43482K, committed 43648K, reserved 1087488K
  class space    used 5326K, capacity 5659K, committed 5760K, reserved 1048576K
}
Event: 41.571 GC heap before
{Heap before GC invocations=41 (full 7):
 PSYoungGen      total 189440K, used 173558K [0x00000000f1580000, 0x0000000100000000, 0x0000000100000000)
  eden space 142848K, 100% used [0x00000000f1580000,0x00000000fa100000,0x00000000fa100000)
  from space 46592K, 65% used [0x00000000fd280000,0x00000000ff07dba8,0x0000000100000000)
  to   space 48640K, 0% used [0x00000000fa100000,0x00000000fa100000,0x00000000fd080000)
 ParOldGen       total 266240K, used 145542K [0x00000000d4000000, 0x00000000e4400000, 0x00000000f1580000)
  object space 266240K, 54% used [0x00000000d4000000,0x00000000dce21b28,0x00000000e4400000)
 Metaspace       used 41799K, capacity 43572K, committed 43904K, reserved 1087488K
  class space    used 5330K, capacity 5666K, committed 5760K, reserved 1048576K
Event: 41.657 GC heap after
Heap after GC invocations=41 (full 7):
 PSYoungGen      total 176128K, used 33163K [0x00000000f1580000, 0x0000000100000000, 0x0000000100000000)
  eden space 142848K, 0% used [0x00000000f1580000,0x00000000f1580000,0x00000000fa100000)
  from space 33280K, 99% used [0x00000000fa100000,0x00000000fc162e00,0x00000000fc180000)
  to   space 51200K, 0% used [0x00000000fce00000,0x00000000fce00000,0x0000000100000000)
 ParOldGen       total 266240K, used 145550K [0x00000000d4000000, 0x00000000e4400000, 0x00000000f1580000)
  object space 266240K, 54% used [0x00000000d4000000,0x00000000dce23b28,0x00000000e4400000)
 Metaspace       used 41799K, capacity 43572K, committed 43904K, reserved 1087488K
  class space    used 5330K, capacity 5666K, committed 5760K, reserved 1048576K
}

