-------------------------------------------------------------------------------
Test set: com.work.sqlServerProject.SqlServerProjectApplicationTests
-------------------------------------------------------------------------------
Tests run: 1, Failures: 0, Errors: 1, Skipped: 0, Time elapsed: 2.854 s <<< FAILURE! - in com.work.sqlServerProject.SqlServerProjectApplicationTests
contextLoads(com.work.sqlServerProject.SqlServerProjectApplicationTests)  Time elapsed: 0.001 s  <<< ERROR!
java.lang.IllegalStateException: Failed to load ApplicationContext
Caused by: java.lang.IllegalStateException: Cannot load configuration class: com.work.sqlServerProject.SqlServerProjectApplication
Caused by: java.lang.IllegalStateException: Unable to load cache item
Caused by: java.lang.ExceptionInInitializerError
Caused by: java.awt.HeadlessException

