-------------------------------------------------------------------------------
Test set: com.work.sqlServerProject.SqlServerProjectApplicationTests
-------------------------------------------------------------------------------
Tests run: 1, Failures: 0, Errors: 1, Skipped: 0, Time elapsed: 0.105 s <<< FAILURE! - in com.work.sqlServerProject.SqlServerProjectApplicationTests
initializationError(com.work.sqlServerProject.SqlServerProjectApplicationTests)  Time elapsed: 0.004 s  <<< ERROR!
java.lang.Exception: No runnable methods

